2019-02-26 18:48:20 INFO [main] o.s.b.t.c.SpringBootTestContextBootstrapper
                [AbstractTestContextBootstrapper.java:307] Neither @ContextConfiguration nor @ContextHierarchy found for test class [nsk.cath.com.nsukka.NsukkaApplicationTests], using SpringBootContextLoader
2019-02-26 18:48:20 INFO [main] o.s.t.c.s.AbstractContextLoader
                [AbstractContextLoader.java:264] Could not detect default resource locations for test class [nsk.cath.com.nsukka.NsukkaApplicationTests]: no resource found for suffixes {-context.xml, Context.groovy}.
2019-02-26 18:48:20 INFO [main] o.s.t.c.s.AnnotationConfigContextLoaderUtils
                [AnnotationConfigContextLoaderUtils.java:82] Could not detect default configuration classes for test class [nsk.cath.com.nsukka.NsukkaApplicationTests]: NsukkaApplicationTests does not declare any static, non-private, non-final, nested classes annotated with @Configuration.
2019-02-26 18:48:20 INFO [main] o.s.b.t.c.SpringBootTestContextBootstrapper
                [SpringBootTestContextBootstrapper.java:206] Found @SpringBootConfiguration nsk.cath.com.NsukkaApplication for test class nsk.cath.com.nsukka.NsukkaApplicationTests
2019-02-26 18:48:21 INFO [main] o.s.b.t.c.SpringBootTestContextBootstrapper
                [AbstractTestContextBootstrapper.java:248] Loaded default TestExecutionListener class names from location [META-INF/spring.factories]: [org.springframework.boot.test.mock.mockito.MockitoTestExecutionListener, org.springframework.boot.test.mock.mockito.ResetMocksTestExecutionListener, org.springframework.boot.test.autoconfigure.restdocs.RestDocsTestExecutionListener, org.springframework.boot.test.autoconfigure.web.client.MockRestServiceServerResetTestExecutionListener, org.springframework.boot.test.autoconfigure.web.servlet.MockMvcPrintOnlyOnFailureTestExecutionListener, org.springframework.boot.test.autoconfigure.web.servlet.WebDriverTestExecutionListener, org.springframework.test.context.web.ServletTestExecutionListener, org.springframework.test.context.support.DirtiesContextBeforeModesTestExecutionListener, org.springframework.test.context.support.DependencyInjectionTestExecutionListener, org.springframework.test.context.support.DirtiesContextTestExecutionListener, org.springframework.test.context.transaction.TransactionalTestExecutionListener, org.springframework.test.context.jdbc.SqlScriptsTestExecutionListener, org.springframework.security.test.context.support.WithSecurityContextTestExecutionListener]
2019-02-26 18:48:21 INFO [main] o.s.b.t.c.SpringBootTestContextBootstrapper
                [AbstractTestContextBootstrapper.java:174] Using TestExecutionListeners: [org.springframework.test.context.web.ServletTestExecutionListener@2f9f7dcf, org.springframework.test.context.support.DirtiesContextBeforeModesTestExecutionListener@747ddf94, org.springframework.boot.test.mock.mockito.MockitoTestExecutionListener@35e2d654, org.springframework.boot.test.autoconfigure.SpringBootDependencyInjectionTestExecutionListener@1bd4fdd, org.springframework.test.context.support.DirtiesContextTestExecutionListener@55183b20, org.springframework.test.context.transaction.TransactionalTestExecutionListener@4f83df68, org.springframework.test.context.jdbc.SqlScriptsTestExecutionListener@6cf0e0ba, org.springframework.security.test.context.support.WithSecurityContextTestExecutionListener@7d8995e, org.springframework.boot.test.mock.mockito.ResetMocksTestExecutionListener@130d63be, org.springframework.boot.test.autoconfigure.restdocs.RestDocsTestExecutionListener@42a48628, org.springframework.boot.test.autoconfigure.web.client.MockRestServiceServerResetTestExecutionListener@293a5bf6, org.springframework.boot.test.autoconfigure.web.servlet.MockMvcPrintOnlyOnFailureTestExecutionListener@6aeb35e6, org.springframework.boot.test.autoconfigure.web.servlet.WebDriverTestExecutionListener@1283bb96]
2019-02-26 18:48:21 INFO [main] o.s.b.t.c.SpringBootTestContextBootstrapper
                [AbstractTestContextBootstrapper.java:307] Neither @ContextConfiguration nor @ContextHierarchy found for test class [nsk.cath.com.nsukka.NsukkaApplicationTests], using SpringBootContextLoader
2019-02-26 18:48:21 INFO [main] o.s.t.c.s.AbstractContextLoader
                [AbstractContextLoader.java:264] Could not detect default resource locations for test class [nsk.cath.com.nsukka.NsukkaApplicationTests]: no resource found for suffixes {-context.xml, Context.groovy}.
2019-02-26 18:48:21 INFO [main] o.s.t.c.s.AnnotationConfigContextLoaderUtils
                [AnnotationConfigContextLoaderUtils.java:82] Could not detect default configuration classes for test class [nsk.cath.com.nsukka.NsukkaApplicationTests]: NsukkaApplicationTests does not declare any static, non-private, non-final, nested classes annotated with @Configuration.
2019-02-26 18:48:21 INFO [main] o.s.b.t.c.SpringBootTestContextBootstrapper
                [SpringBootTestContextBootstrapper.java:206] Found @SpringBootConfiguration nsk.cath.com.NsukkaApplication for test class nsk.cath.com.nsukka.NsukkaApplicationTests
2019-02-26 18:48:21 INFO [main] o.s.b.t.c.SpringBootTestContextBootstrapper
                [AbstractTestContextBootstrapper.java:248] Loaded default TestExecutionListener class names from location [META-INF/spring.factories]: [org.springframework.boot.test.mock.mockito.MockitoTestExecutionListener, org.springframework.boot.test.mock.mockito.ResetMocksTestExecutionListener, org.springframework.boot.test.autoconfigure.restdocs.RestDocsTestExecutionListener, org.springframework.boot.test.autoconfigure.web.client.MockRestServiceServerResetTestExecutionListener, org.springframework.boot.test.autoconfigure.web.servlet.MockMvcPrintOnlyOnFailureTestExecutionListener, org.springframework.boot.test.autoconfigure.web.servlet.WebDriverTestExecutionListener, org.springframework.test.context.web.ServletTestExecutionListener, org.springframework.test.context.support.DirtiesContextBeforeModesTestExecutionListener, org.springframework.test.context.support.DependencyInjectionTestExecutionListener, org.springframework.test.context.support.DirtiesContextTestExecutionListener, org.springframework.test.context.transaction.TransactionalTestExecutionListener, org.springframework.test.context.jdbc.SqlScriptsTestExecutionListener, org.springframework.security.test.context.support.WithSecurityContextTestExecutionListener]
2019-02-26 18:48:21 INFO [main] o.s.b.t.c.SpringBootTestContextBootstrapper
                [AbstractTestContextBootstrapper.java:174] Using TestExecutionListeners: [org.springframework.test.context.web.ServletTestExecutionListener@44c03695, org.springframework.test.context.support.DirtiesContextBeforeModesTestExecutionListener@7e6f74c, org.springframework.boot.test.mock.mockito.MockitoTestExecutionListener@dd05255, org.springframework.boot.test.autoconfigure.SpringBootDependencyInjectionTestExecutionListener@6a78afa0, org.springframework.test.context.support.DirtiesContextTestExecutionListener@2f4948e4, org.springframework.test.context.transaction.TransactionalTestExecutionListener@1f2586d6, org.springframework.test.context.jdbc.SqlScriptsTestExecutionListener@10683d9d, org.springframework.security.test.context.support.WithSecurityContextTestExecutionListener@3fc2959f, org.springframework.boot.test.mock.mockito.ResetMocksTestExecutionListener@5aa9e4eb, org.springframework.boot.test.autoconfigure.restdocs.RestDocsTestExecutionListener@6989da5e, org.springframework.boot.test.autoconfigure.web.client.MockRestServiceServerResetTestExecutionListener@385c9627, org.springframework.boot.test.autoconfigure.web.servlet.MockMvcPrintOnlyOnFailureTestExecutionListener@139982de, org.springframework.boot.test.autoconfigure.web.servlet.WebDriverTestExecutionListener@682b2fa]
2019-02-26 18:48:22 WARN [main] o.s.b.t.j.DuplicateJsonObjectContextCustomizerFactory$DuplicateJsonObjectContextCustomizer
                [DuplicateJsonObjectContextCustomizerFactory.java:86] 

Found multiple occurrences of org.json.JSONObject on the class path:

	jar:file:/C:/Users/USER/.m2/repository/com/vaadin/external/google/android-json/0.0.20131108.vaadin1/android-json-0.0.20131108.vaadin1.jar!/org/json/JSONObject.class
	jar:file:/C:/Users/USER/.m2/repository/org/json/json/20171018/json-20171018.jar!/org/json/JSONObject.class

You may wish to exclude one of them to ensure predictable runtime behavior

2019-02-26 18:48:22 INFO [main] n.c.c.n.NsukkaApplicationTests
                [StartupInfoLogger.java:48] Starting NsukkaApplicationTests on UPPERLINK with PID 62972 (started by USER in C:\projects\spring-security\nsukka)
2019-02-26 18:48:22 DEBUG [main] n.c.c.n.NsukkaApplicationTests
                [StartupInfoLogger.java:51] Running with Spring Boot v1.5.13.RELEASE, Spring v4.3.17.RELEASE
2019-02-26 18:48:22 INFO [main] n.c.c.n.NsukkaApplicationTests
                [SpringApplication.java:597] The following profiles are active: dev
2019-02-26 18:48:22 INFO [main] o.s.w.c.s.GenericWebApplicationContext
                [AbstractApplicationContext.java:583] Refreshing org.springframework.web.context.support.GenericWebApplicationContext@387a8303: startup date [Tue Feb 26 18:48:22 WAT 2019]; root of context hierarchy
2019-02-26 18:48:23 INFO [background-preinit] o.h.v.i.u.Version
                [Version.java:30] HV000001: Hibernate Validator 5.3.6.Final
2019-02-26 18:48:26 INFO [main] o.s.d.r.c.RepositoryConfigurationDelegate
                [RepositoryConfigurationDelegate.java:165] Multiple Spring Data modules found, entering strict repository configuration mode!
2019-02-26 18:48:27 INFO [main] o.s.d.r.c.RepositoryConfigurationDelegate
                [RepositoryConfigurationDelegate.java:165] Multiple Spring Data modules found, entering strict repository configuration mode!
2019-02-26 18:48:28 INFO [main] o.s.d.r.c.RepositoryConfigurationExtensionSupport
                [RepositoryConfigurationExtensionSupport.java:270] Spring Data Redis - Could not safely identify store assignment for repository candidate interface nsk.cath.com.repo.career.EducationRepo.
2019-02-26 18:48:28 INFO [main] o.s.d.r.c.RepositoryConfigurationExtensionSupport
                [RepositoryConfigurationExtensionSupport.java:270] Spring Data Redis - Could not safely identify store assignment for repository candidate interface nsk.cath.com.repo.career.ExperienceRepo.
2019-02-26 18:48:28 INFO [main] o.s.d.r.c.RepositoryConfigurationExtensionSupport
                [RepositoryConfigurationExtensionSupport.java:270] Spring Data Redis - Could not safely identify store assignment for repository candidate interface nsk.cath.com.repo.contact.DeaneryRepo.
2019-02-26 18:48:28 INFO [main] o.s.d.r.c.RepositoryConfigurationExtensionSupport
                [RepositoryConfigurationExtensionSupport.java:270] Spring Data Redis - Could not safely identify store assignment for repository candidate interface nsk.cath.com.repo.article.LikesRepo.
2019-02-26 18:48:28 INFO [main] o.s.d.r.c.RepositoryConfigurationExtensionSupport
                [RepositoryConfigurationExtensionSupport.java:270] Spring Data Redis - Could not safely identify store assignment for repository candidate interface nsk.cath.com.repo.article.CommentRepo.
2019-02-26 18:48:28 INFO [main] o.s.d.r.c.RepositoryConfigurationExtensionSupport
                [RepositoryConfigurationExtensionSupport.java:270] Spring Data Redis - Could not safely identify store assignment for repository candidate interface nsk.cath.com.repo.auth.PasswordRecoveryCodeRepo.
2019-02-26 18:48:28 INFO [main] o.s.d.r.c.RepositoryConfigurationExtensionSupport
                [RepositoryConfigurationExtensionSupport.java:270] Spring Data Redis - Could not safely identify store assignment for repository candidate interface nsk.cath.com.repo.minutes.AccountRepo.
2019-02-26 18:48:28 INFO [main] o.s.d.r.c.RepositoryConfigurationExtensionSupport
                [RepositoryConfigurationExtensionSupport.java:270] Spring Data Redis - Could not safely identify store assignment for repository candidate interface nsk.cath.com.repo.minutes.AnnouncemntRepo.
2019-02-26 18:48:28 INFO [main] o.s.d.r.c.RepositoryConfigurationExtensionSupport
                [RepositoryConfigurationExtensionSupport.java:270] Spring Data Redis - Could not safely identify store assignment for repository candidate interface nsk.cath.com.repo.auth.PrivilegeRepo.
2019-02-26 18:48:28 INFO [main] o.s.d.r.c.RepositoryConfigurationExtensionSupport
                [RepositoryConfigurationExtensionSupport.java:270] Spring Data Redis - Could not safely identify store assignment for repository candidate interface nsk.cath.com.repo.contact.CountryRepo.
2019-02-26 18:48:28 INFO [main] o.s.d.r.c.RepositoryConfigurationExtensionSupport
                [RepositoryConfigurationExtensionSupport.java:270] Spring Data Redis - Could not safely identify store assignment for repository candidate interface nsk.cath.com.repo.contact.DioceseRepo.
2019-02-26 18:48:28 INFO [main] o.s.d.r.c.RepositoryConfigurationExtensionSupport
                [RepositoryConfigurationExtensionSupport.java:270] Spring Data Redis - Could not safely identify store assignment for repository candidate interface nsk.cath.com.repo.contact.ContactRepo.
2019-02-26 18:48:28 INFO [main] o.s.d.r.c.RepositoryConfigurationExtensionSupport
                [RepositoryConfigurationExtensionSupport.java:270] Spring Data Redis - Could not safely identify store assignment for repository candidate interface nsk.cath.com.repo.UserRepo.
2019-02-26 18:48:28 INFO [main] o.s.d.r.c.RepositoryConfigurationExtensionSupport
                [RepositoryConfigurationExtensionSupport.java:270] Spring Data Redis - Could not safely identify store assignment for repository candidate interface nsk.cath.com.repo.contact.ParishRepo.
2019-02-26 18:48:28 INFO [main] o.s.d.r.c.RepositoryConfigurationExtensionSupport
                [RepositoryConfigurationExtensionSupport.java:270] Spring Data Redis - Could not safely identify store assignment for repository candidate interface nsk.cath.com.repo.article.ArticleRepo.
2019-02-26 18:48:28 INFO [main] o.s.d.r.c.RepositoryConfigurationExtensionSupport
                [RepositoryConfigurationExtensionSupport.java:270] Spring Data Redis - Could not safely identify store assignment for repository candidate interface nsk.cath.com.repo.career.SkillRepo.
2019-02-26 18:48:28 INFO [main] o.s.d.r.c.RepositoryConfigurationExtensionSupport
                [RepositoryConfigurationExtensionSupport.java:270] Spring Data Redis - Could not safely identify store assignment for repository candidate interface nsk.cath.com.repo.auth.RolesRepo.
2019-02-26 18:48:28 INFO [main] o.s.d.r.c.RepositoryConfigurationExtensionSupport
                [RepositoryConfigurationExtensionSupport.java:270] Spring Data Redis - Could not safely identify store assignment for repository candidate interface nsk.cath.com.repo.contact.StateRepo.
2019-02-26 18:48:28 INFO [main] o.s.d.r.c.RepositoryConfigurationExtensionSupport
                [RepositoryConfigurationExtensionSupport.java:270] Spring Data Redis - Could not safely identify store assignment for repository candidate interface nsk.cath.com.repo.minutes.MinutesRepo.
2019-02-26 18:48:29 INFO [main] o.s.b.f.a.AutowiredAnnotationBeanPostProcessor
                [AutowiredAnnotationBeanPostProcessor.java:155] JSR-330 'javax.inject.Inject' annotation found and supported for autowiring
2019-02-26 18:48:30 INFO [main] o.s.c.s.PostProcessorRegistrationDelegate$BeanPostProcessorChecker
                [PostProcessorRegistrationDelegate.java:327] Bean 'org.springframework.transaction.annotation.ProxyTransactionManagementConfiguration' of type [org.springframework.transaction.annotation.ProxyTransactionManagementConfiguration$$EnhancerBySpringCGLIB$$a1a78e9c] is not eligible for getting processed by all BeanPostProcessors (for example: not eligible for auto-proxying)
2019-02-26 18:48:30 INFO [main] o.s.c.s.PostProcessorRegistrationDelegate$BeanPostProcessorChecker
                [PostProcessorRegistrationDelegate.java:327] Bean 'org.springframework.cache.annotation.ProxyCachingConfiguration' of type [org.springframework.cache.annotation.ProxyCachingConfiguration$$EnhancerBySpringCGLIB$$eab9c4ba] is not eligible for getting processed by all BeanPostProcessors (for example: not eligible for auto-proxying)
2019-02-26 18:48:31 WARN [main] o.s.w.c.s.GenericWebApplicationContext
                [AbstractApplicationContext.java:551] Exception encountered during context initialization - cancelling refresh attempt: org.springframework.beans.factory.UnsatisfiedDependencyException: Error creating bean with name 'org.springframework.boot.autoconfigure.orm.jpa.HibernateJpaAutoConfiguration': Unsatisfied dependency expressed through constructor parameter 0; nested exception is org.springframework.beans.factory.NoSuchBeanDefinitionException: No qualifying bean of type 'javax.sql.DataSource' available: expected at least 1 bean which qualifies as autowire candidate. Dependency annotations: {}
2019-02-26 18:48:31 INFO [main] o.s.b.a.l.AutoConfigurationReportLoggingInitializer
                [AutoConfigurationReportLoggingInitializer.java:101] 

Error starting ApplicationContext. To display the auto-configuration report re-run your application with 'debug' enabled.
2019-02-26 18:48:31 ERROR [main] o.s.b.d.LoggingFailureAnalysisReporter
                [LoggingFailureAnalysisReporter.java:42] 

***************************
APPLICATION FAILED TO START
***************************

Description:

Parameter 0 of constructor in org.springframework.boot.autoconfigure.orm.jpa.HibernateJpaAutoConfiguration required a bean of type 'javax.sql.DataSource' that could not be found.
	- Bean method 'dataSource' not loaded because @ConditionalOnProperty (spring.datasource.jndi-name) did not find property 'jndi-name'
	- Bean method 'dataSource' not loaded because @ConditionalOnBean (types: org.springframework.boot.jta.XADataSourceWrapper; SearchStrategy: all) did not find any beans


Action:

Consider revisiting the conditions above or defining a bean of type 'javax.sql.DataSource' in your configuration.

2019-02-26 18:48:31 ERROR [main] o.s.t.c.TestContextManager
                [TestContextManager.java:234] Caught exception while allowing TestExecutionListener [org.springframework.test.context.web.ServletTestExecutionListener@44c03695] to prepare test instance [nsk.cath.com.nsukka.NsukkaApplicationTests@767f6ee7]
java.lang.IllegalStateException: Failed to load ApplicationContext
	at org.springframework.test.context.cache.DefaultCacheAwareContextLoaderDelegate.loadContext(DefaultCacheAwareContextLoaderDelegate.java:124)
	at org.springframework.test.context.support.DefaultTestContext.getApplicationContext(DefaultTestContext.java:83)
	at org.springframework.test.context.web.ServletTestExecutionListener.setUpRequestContextIfNecessary(ServletTestExecutionListener.java:189)
	at org.springframework.test.context.web.ServletTestExecutionListener.prepareTestInstance(ServletTestExecutionListener.java:131)
	at org.springframework.test.context.TestContextManager.prepareTestInstance(TestContextManager.java:230)
	at org.springframework.test.context.junit4.SpringJUnit4ClassRunner.createTest(SpringJUnit4ClassRunner.java:228)
	at org.springframework.test.context.junit4.SpringJUnit4ClassRunner$1.runReflectiveCall(SpringJUnit4ClassRunner.java:287)
	at org.junit.internal.runners.model.ReflectiveCallable.run(ReflectiveCallable.java:12)
	at org.springframework.test.context.junit4.SpringJUnit4ClassRunner.methodBlock(SpringJUnit4ClassRunner.java:289)
	at org.springframework.test.context.junit4.SpringJUnit4ClassRunner.runChild(SpringJUnit4ClassRunner.java:247)
	at org.springframework.test.context.junit4.SpringJUnit4ClassRunner.runChild(SpringJUnit4ClassRunner.java:94)
	at org.junit.runners.ParentRunner$3.run(ParentRunner.java:290)
	at org.junit.runners.ParentRunner$1.schedule(ParentRunner.java:71)
	at org.junit.runners.ParentRunner.runChildren(ParentRunner.java:288)
	at org.junit.runners.ParentRunner.access$000(ParentRunner.java:58)
	at org.junit.runners.ParentRunner$2.evaluate(ParentRunner.java:268)
	at org.springframework.test.context.junit4.statements.RunBeforeTestClassCallbacks.evaluate(RunBeforeTestClassCallbacks.java:61)
	at org.springframework.test.context.junit4.statements.RunAfterTestClassCallbacks.evaluate(RunAfterTestClassCallbacks.java:70)
	at org.junit.runners.ParentRunner.run(ParentRunner.java:363)
	at org.springframework.test.context.junit4.SpringJUnit4ClassRunner.run(SpringJUnit4ClassRunner.java:191)
	at org.apache.maven.surefire.junit4.JUnit4Provider.execute(JUnit4Provider.java:283)
	at org.apache.maven.surefire.junit4.JUnit4Provider.executeWithRerun(JUnit4Provider.java:173)
	at org.apache.maven.surefire.junit4.JUnit4Provider.executeTestSet(JUnit4Provider.java:153)
	at org.apache.maven.surefire.junit4.JUnit4Provider.invoke(JUnit4Provider.java:128)
	at org.apache.maven.surefire.booter.ForkedBooter.invokeProviderInSameClassLoader(ForkedBooter.java:203)
	at org.apache.maven.surefire.booter.ForkedBooter.runSuitesInProcess(ForkedBooter.java:155)
	at org.apache.maven.surefire.booter.ForkedBooter.main(ForkedBooter.java:103)
Caused by: org.springframework.beans.factory.UnsatisfiedDependencyException: Error creating bean with name 'org.springframework.boot.autoconfigure.orm.jpa.HibernateJpaAutoConfiguration': Unsatisfied dependency expressed through constructor parameter 0; nested exception is org.springframework.beans.factory.NoSuchBeanDefinitionException: No qualifying bean of type 'javax.sql.DataSource' available: expected at least 1 bean which qualifies as autowire candidate. Dependency annotations: {}
	at org.springframework.beans.factory.support.ConstructorResolver.createArgumentArray(ConstructorResolver.java:749)
	at org.springframework.beans.factory.support.ConstructorResolver.autowireConstructor(ConstructorResolver.java:189)
	at org.springframework.beans.factory.support.AbstractAutowireCapableBeanFactory.autowireConstructor(AbstractAutowireCapableBeanFactory.java:1201)
	at org.springframework.beans.factory.support.AbstractAutowireCapableBeanFactory.createBeanInstance(AbstractAutowireCapableBeanFactory.java:1103)
	at org.springframework.beans.factory.support.AbstractAutowireCapableBeanFactory.doCreateBean(AbstractAutowireCapableBeanFactory.java:513)
	at org.springframework.beans.factory.support.AbstractAutowireCapableBeanFactory.createBean(AbstractAutowireCapableBeanFactory.java:483)
	at org.springframework.beans.factory.support.AbstractBeanFactory$1.getObject(AbstractBeanFactory.java:312)
	at org.springframework.beans.factory.support.DefaultSingletonBeanRegistry.getSingleton(DefaultSingletonBeanRegistry.java:230)
	at org.springframework.beans.factory.support.AbstractBeanFactory.doGetBean(AbstractBeanFactory.java:308)
	at org.springframework.beans.factory.support.AbstractBeanFactory.getBean(AbstractBeanFactory.java:197)
	at org.springframework.beans.factory.support.ConstructorResolver.instantiateUsingFactoryMethod(ConstructorResolver.java:372)
	at org.springframework.beans.factory.support.AbstractAutowireCapableBeanFactory.instantiateUsingFactoryMethod(AbstractAutowireCapableBeanFactory.java:1181)
	at org.springframework.beans.factory.support.AbstractAutowireCapableBeanFactory.createBeanInstance(AbstractAutowireCapableBeanFactory.java:1075)
	at org.springframework.beans.factory.support.AbstractAutowireCapableBeanFactory.doCreateBean(AbstractAutowireCapableBeanFactory.java:513)
	at org.springframework.beans.factory.support.AbstractAutowireCapableBeanFactory.createBean(AbstractAutowireCapableBeanFactory.java:483)
	at org.springframework.beans.factory.support.AbstractBeanFactory$1.getObject(AbstractBeanFactory.java:312)
	at org.springframework.beans.factory.support.DefaultSingletonBeanRegistry.getSingleton(DefaultSingletonBeanRegistry.java:230)
	at org.springframework.beans.factory.support.AbstractBeanFactory.doGetBean(AbstractBeanFactory.java:308)
	at org.springframework.beans.factory.support.AbstractBeanFactory.getBean(AbstractBeanFactory.java:197)
	at org.springframework.context.support.AbstractApplicationContext.getBean(AbstractApplicationContext.java:1080)
	at org.springframework.context.support.AbstractApplicationContext.finishBeanFactoryInitialization(AbstractApplicationContext.java:857)
	at org.springframework.context.support.AbstractApplicationContext.refresh(AbstractApplicationContext.java:543)
	at org.springframework.boot.SpringApplication.refresh(SpringApplication.java:693)
	at org.springframework.boot.SpringApplication.refreshContext(SpringApplication.java:360)
	at org.springframework.boot.SpringApplication.run(SpringApplication.java:303)
	at org.springframework.boot.test.context.SpringBootContextLoader.loadContext(SpringBootContextLoader.java:121)
	at org.springframework.test.context.cache.DefaultCacheAwareContextLoaderDelegate.loadContextInternal(DefaultCacheAwareContextLoaderDelegate.java:98)
	at org.springframework.test.context.cache.DefaultCacheAwareContextLoaderDelegate.loadContext(DefaultCacheAwareContextLoaderDelegate.java:116)
	... 26 common frames omitted
Caused by: org.springframework.beans.factory.NoSuchBeanDefinitionException: No qualifying bean of type 'javax.sql.DataSource' available: expected at least 1 bean which qualifies as autowire candidate. Dependency annotations: {}
	at org.springframework.beans.factory.support.DefaultListableBeanFactory.raiseNoMatchingBeanFound(DefaultListableBeanFactory.java:1493)
	at org.springframework.beans.factory.support.DefaultListableBeanFactory.doResolveDependency(DefaultListableBeanFactory.java:1104)
	at org.springframework.beans.factory.support.DefaultListableBeanFactory.resolveDependency(DefaultListableBeanFactory.java:1066)
	at org.springframework.beans.factory.support.ConstructorResolver.resolveAutowiredArgument(ConstructorResolver.java:835)
	at org.springframework.beans.factory.support.ConstructorResolver.createArgumentArray(ConstructorResolver.java:741)
	... 53 common frames omitted
